Arguments: 
  /usr/local/bin/node /usr/local/bin/yarn serve

PATH: 
  /usr/local/Cellar/node/12.5.0/bin:/Library/Frameworks/Python.framework/Versions/3.8/bin:/Library/Frameworks/Python.framework/Versions/3.8/bin:/Library/Frameworks/Python.framework/Versions/3.8/bin:/usr/local/opt/php@7.3/sbin:/usr/local/opt/php@7.3/bin:/usr/local/opt/php@7.3/sbin:/usr/local/opt/php@7.3/bin:/Library/Frameworks/Python.framework/Versions/3.6/bin:/Library/Frameworks/Python.framework/Versions/3.7/bin:/opt/local/bin:/opt/local/sbin://anaconda/bin:/usr/local/bin:/usr/bin:/bin:/usr/sbin:/sbin:/Library/Apple/usr/bin:/Library/Apple/bin:/usr/local/share/dotnet:/opt/X11/bin:~/.dotnet/tools:/Library/Frameworks/Mono.framework/Versions/Current/Commands:/Volumes/BOOTCAMP/AnacondaNavigator/anaconda3/bin:/Volumes/BOOTCAMP/AnacondaNavigator/anaconda3/condabin:/Library/Frameworks/Python.framework/Versions/3.8/bin:/usr/local/opt/php@7.3/sbin:/usr/local/opt/php@7.3/bin:/Library/Frameworks/Python.framework/Versions/3.6/bin:/Library/Frameworks/Python.framework/Versions/3.7/bin:/opt/local/bin:/opt/local/sbin://anaconda/bin:/usr/local/mysql/bin:/usr/local/mysql/bin

Yarn version: 
  1.22.17

Node version: 
  16.14.0

Platform: 
  darwin x64

Trace: 
  Error: ENOSPC: no space left on device, write

npm manifest: 
  {
    "name": "functions",
    "description": "Cloud Functions for Firebase",
    "scripts": {
      "serve": "firebase emulators:start --only functions",
      "shell": "firebase functions:shell",
      "start": "npm run shell",
      "deploy": "firebase deploy --only functions",
      "logs": "firebase functions:log"
    },
    "engines": {
      "node": "16"
    },
    "main": "index.js",
    "dependencies": {
      "firebase-admin": "^10.0.2",
      "firebase-functions": "^3.18.0"
    },
    "devDependencies": {
      "firebase-functions-test": "^0.2.0"
    },
    "private": true
  }

yarn manifest: 
  No manifest

Lockfile: 
  No lockfile
